<?xml version="1.0" encoding="UTF-8"?>
<!-- Generated by org.testng.reporters.JUnitReportReporter -->
<testsuite hostname="DESKTOP-MSUCTK1" failures="0" tests="1" name="bd.com.FastAutomation.BrowserCommands" time="67.050" errors="0" timestamp="27 Nov 2024 17:31:53 GMT" skipped="0">
  <testcase classname="bd.com.FastAutomation.BrowserCommands" name="xpath_location" time="67.050"/>
</testsuite> <!-- bd.com.FastAutomation.BrowserCommands -->
