<?xml version="1.0" encoding="UTF-8"?>
<!-- Generated by org.testng.reporters.JUnitReportReporter -->
<testsuite hostname="DESKTOP-MSUCTK1" failures="0" tests="1" name="bd.com.FastAutomation.OpenUrl" time="1.069" errors="0" timestamp="24 Nov 2024 16:05:35 GMT" skipped="0">
  <testcase classname="bd.com.FastAutomation.OpenUrl" name="testUrl" time="1.069"/>
</testsuite> <!-- bd.com.FastAutomation.OpenUrl -->
