<?xml version="1.0" encoding="UTF-8"?>
<!-- Generated by org.testng.reporters.JUnitReportReporter -->
<testsuite hostname="DESKTOP-MSUCTK1" failures="0" tests="1" name="bd.com.FastAutomation.LocationPath" time="57.066" errors="0" timestamp="27 Nov 2024 15:45:13 GMT" skipped="0">
  <testcase classname="bd.com.FastAutomation.LocationPath" name="xpath_location" time="57.066"/>
</testsuite> <!-- bd.com.FastAutomation.LocationPath -->
