<?xml version="1.0" encoding="UTF-8"?>
<!-- Generated by org.testng.reporters.JUnitReportReporter -->
<testsuite hostname="DESKTOP-MSUCTK1" failures="0" tests="1" name="bd.com.FastAutomation.InteractingwithWebElements" time="21.362" errors="0" timestamp="27 Nov 2024 16:39:37 GMT" skipped="0">
  <testcase classname="bd.com.FastAutomation.InteractingwithWebElements" name="gettext" time="21.362"/>
</testsuite> <!-- bd.com.FastAutomation.InteractingwithWebElements -->
