<?xml version="1.0" encoding="UTF-8"?>
<!-- Generated by org.testng.reporters.JUnitReportReporter -->
<testsuite hostname="DESKTOP-MSUCTK1" failures="0" tests="1" name="bd.com.FastAutomation.NavigatingExample" time="145.995" errors="0" timestamp="28 Nov 2024 09:01:27 GMT" skipped="0">
  <testcase classname="bd.com.FastAutomation.NavigatingExample" name="xpath_location" time="145.995"/>
</testsuite> <!-- bd.com.FastAutomation.NavigatingExample -->
