<?xml version="1.0" encoding="UTF-8"?>
<!-- Generated by org.testng.reporters.JUnitReportReporter -->
<testsuite hostname="DESKTOP-MSUCTK1" failures="0" tests="3" name="bd.com.FastAutomation.TestNGBasic" time="0.032" errors="0" timestamp="26 Nov 2024 13:46:15 GMT" skipped="0">
  <testcase classname="bd.com.FastAutomation.TestNGBasic" name="secondTest" time="0.017"/>
  <testcase classname="bd.com.FastAutomation.TestNGBasic" name="thirdTest" time="0.006"/>
  <testcase classname="bd.com.FastAutomation.TestNGBasic" name="FastTest" time="0.009"/>
</testsuite> <!-- bd.com.FastAutomation.TestNGBasic -->
